2024-01-03 13:40:36,084 [INFO] Activator:176 - 


2024-01-03 13:40:36,086 [INFO] Activator:177 - !SESSION log4j initialized
2024-01-03 13:40:37,488 [ERROR] LogOutputStream:75 - [STDERR_REDIRECT] 
2024-01-03 13:40:38,229 [INFO] LogOutputStream:77 - [STDOUT_REDIRECT] 
2024-01-03 13:40:39,586 [INFO] LogOutputStream:77 - [STDOUT_REDIRECT] 
2024-01-03 13:40:41,395 [INFO] ApplicationProperties:184 - Using Application install path: /Applications/STM32CubeIDE.app/Contents/Eclipse/plugins/com.st.stm32cube.common.mx_6.9.2.202309101412
2024-01-03 13:40:41,409 [INFO] DbMcusXml:78 - Set database path to: /Applications/STM32CubeIDE.app/Contents/Eclipse/plugins/com.st.stm32cube.common.mx_6.9.2.202309101412//db//mcu/
2024-01-03 13:40:41,409 [INFO] ApiDb:274 - Set plugin database path to: /Applications/STM32CubeIDE.app/Contents/Eclipse/plugins/com.st.stm32cube.common.mx_6.9.2.202309101412//db//plugins/boardmanager/
2024-01-03 13:40:41,410 [WARN] ApiDb:259 - Overriding images path with different value:  => /Applications/STM32CubeIDE.app/Contents/Eclipse/plugins/com.st.stm32cube.common.mx_6.9.2.202309101412//db//plugins/mcufinder/images/
2024-01-03 13:40:41,431 [INFO] ApiDb:250 - Set database path to: /Users/jansiranibalasubramanian/.stmcufinder/plugins/mcufinder//mcu/
2024-01-03 13:40:41,432 [INFO] DbMcusAds:125 - Set database path to: /Users/jansiranibalasubramanian/.stmcufinder/plugins/mcufinder//mcu/
2024-01-03 13:40:41,433 [INFO] CrossReferenceDbSqlite:203 - Set database path to: /Users/jansiranibalasubramanian/.stmcufinder/plugins/mcufinder//mcu/cs/
2024-01-03 13:40:41,530 [INFO] RulesReader:64 - Compatibility file has been processed (293 Rules)
2024-01-03 13:40:41,582 [INFO] DbMcusXml:78 - Set database path to: /Applications/STM32CubeIDE.app/Contents/Eclipse/plugins/com.st.stm32cube.common.mx_6.9.2.202309101412//db//mcu/
2024-01-03 13:40:41,582 [INFO] ApiDb:274 - Set plugin database path to: /Applications/STM32CubeIDE.app/Contents/Eclipse/plugins/com.st.stm32cube.common.mx_6.9.2.202309101412//db//plugins/boardmanager/
2024-01-03 13:40:41,582 [INFO] ApiDb:261 - Set plugin images path to: /Applications/STM32CubeIDE.app/Contents/Eclipse/plugins/com.st.stm32cube.common.mx_6.9.2.202309101412//db//plugins/mcufinder/images/
2024-01-03 13:40:41,582 [WARN] DbFile:41 - Overriding database path with different value: /Users/jansiranibalasubramanian/.stmcufinder/plugins/mcufinder/ => /Users/jansiranibalasubramanian/.stmcufinder/plugins/mcufinder
2024-01-03 13:40:41,582 [INFO] ApiDb:250 - Set database path to: /Users/jansiranibalasubramanian/.stmcufinder/plugins/mcufinder//mcu/
2024-01-03 13:40:41,582 [WARN] DbFile:41 - Overriding database path with different value: /Users/jansiranibalasubramanian/.stmcufinder/plugins/mcufinder/ => /Users/jansiranibalasubramanian/.stmcufinder/plugins/mcufinder
2024-01-03 13:40:41,583 [INFO] DbMcusAds:125 - Set database path to: /Users/jansiranibalasubramanian/.stmcufinder/plugins/mcufinder//mcu/
2024-01-03 13:40:41,583 [WARN] DbFile:41 - Overriding database path with different value: /Users/jansiranibalasubramanian/.stmcufinder/plugins/mcufinder/ => /Users/jansiranibalasubramanian/.stmcufinder/plugins/mcufinder
2024-01-03 13:40:41,583 [WARN] DbFile:41 - Overriding database path with different value: /Users/jansiranibalasubramanian/.stmcufinder/plugins/mcufinder/ => /Users/jansiranibalasubramanian/.stmcufinder/plugins/mcufinder
2024-01-03 13:40:41,583 [INFO] CrossReferenceDbSqlite:203 - Set database path to: /Users/jansiranibalasubramanian/.stmcufinder/plugins/mcufinder//mcu/cs/
2024-01-03 13:40:41,645 [INFO] MainPanel:262 - HeapMemory: 272629760
2024-01-03 13:40:41,715 [INFO] DbMcusXml:78 - Set database path to: /Applications/STM32CubeIDE.app/Contents/Eclipse/plugins/com.st.stm32cube.common.mx_6.9.2.202309101412//db//mcu/
2024-01-03 13:40:41,715 [INFO] ApiDb:274 - Set plugin database path to: /Applications/STM32CubeIDE.app/Contents/Eclipse/plugins/com.st.stm32cube.common.mx_6.9.2.202309101412//db//plugins/boardmanager/
2024-01-03 13:40:41,715 [INFO] ApiDb:261 - Set plugin images path to: /Applications/STM32CubeIDE.app/Contents/Eclipse/plugins/com.st.stm32cube.common.mx_6.9.2.202309101412//db//plugins/mcufinder/images/
2024-01-03 13:40:41,716 [WARN] DbFile:41 - Overriding database path with different value: /Users/jansiranibalasubramanian/.stmcufinder/plugins/mcufinder/ => /Users/jansiranibalasubramanian/.stmcufinder/plugins/mcufinder
2024-01-03 13:40:41,716 [INFO] ApiDb:250 - Set database path to: /Users/jansiranibalasubramanian/.stmcufinder/plugins/mcufinder//mcu/
2024-01-03 13:40:41,716 [WARN] DbFile:41 - Overriding database path with different value: /Users/jansiranibalasubramanian/.stmcufinder/plugins/mcufinder/ => /Users/jansiranibalasubramanian/.stmcufinder/plugins/mcufinder
2024-01-03 13:40:41,716 [INFO] DbMcusAds:125 - Set database path to: /Users/jansiranibalasubramanian/.stmcufinder/plugins/mcufinder//mcu/
2024-01-03 13:40:41,716 [WARN] DbFile:41 - Overriding database path with different value: /Users/jansiranibalasubramanian/.stmcufinder/plugins/mcufinder/ => /Users/jansiranibalasubramanian/.stmcufinder/plugins/mcufinder
2024-01-03 13:40:41,716 [WARN] DbFile:41 - Overriding database path with different value: /Users/jansiranibalasubramanian/.stmcufinder/plugins/mcufinder/ => /Users/jansiranibalasubramanian/.stmcufinder/plugins/mcufinder
2024-01-03 13:40:41,716 [INFO] CrossReferenceDbSqlite:203 - Set database path to: /Users/jansiranibalasubramanian/.stmcufinder/plugins/mcufinder//mcu/cs/
2024-01-03 13:40:41,729 [INFO] ApplicationProperties:184 - Using Application install path: /Applications/STM32CubeIDE.app/Contents/Eclipse/plugins/com.st.stm32cube.common.mx_6.9.2.202309101412
2024-01-03 13:40:41,730 [INFO] PluginManage:196 - Search for loadable plugins [exclusion list=, ]
2024-01-03 13:40:41,775 [INFO] PluginManage:310 - Check plugin analytics
2024-01-03 13:40:41,958 [INFO] AnalyticsPlugin:253 - Accepted Software Licenses: 
2024-01-03 13:40:41,959 [INFO] AnalyticsPlugin:255 - Accepted CMSIS Pack Licenses: 
2024-01-03 13:40:41,960 [INFO] AnalyticsPlugin:257 - Accepted Firmware Licenses: 
2024-01-03 13:40:41,969 [INFO] PluginManage:359 - Loaded plugin analytics (category:tool,tabindex:-1)
2024-01-03 13:40:41,972 [INFO] PluginManage:310 - Check plugin cadmodel
2024-01-03 13:40:42,431 [INFO] CADModel:105 - Init CAD model plugin
2024-01-03 13:40:42,431 [INFO] PluginManage:359 - Loaded plugin cadmodel (category:power,tabindex:5)
2024-01-03 13:40:42,432 [INFO] PluginManage:310 - Check plugin clock
2024-01-03 13:40:42,443 [INFO] PluginManage:359 - Loaded plugin clock (category:base,tabindex:2)
2024-01-03 13:40:42,443 [INFO] PluginManage:310 - Check plugin ddr
2024-01-03 13:40:42,444 [INFO] PluginManage:359 - Loaded plugin ddr (category:tool,tabindex:6)
2024-01-03 13:40:42,445 [INFO] PluginManage:310 - Check plugin filemanager
2024-01-03 13:40:42,565 [INFO] PluginManage:359 - Loaded plugin filemanager (category:base,tabindex:10)
2024-01-03 13:40:42,566 [INFO] PluginManage:310 - Check plugin ipmanager
2024-01-03 13:40:42,571 [INFO] PluginManage:359 - Loaded plugin ipmanager (category:base,tabindex:5)
2024-01-03 13:40:42,571 [INFO] PluginManage:310 - Check plugin lpbam
2024-01-03 13:40:42,578 [INFO] PluginManage:359 - Loaded plugin lpbam (category:base,tabindex:0)
2024-01-03 13:40:42,578 [INFO] PluginManage:310 - Check plugin memorymap
2024-01-03 13:40:42,588 [INFO] PluginManage:359 - Loaded plugin memorymap (category:base,tabindex:4)
2024-01-03 13:40:42,588 [INFO] PluginManage:310 - Check plugin pinoutandconfiguration
2024-01-03 13:40:42,593 [INFO] PluginManage:359 - Loaded plugin pinoutandconfiguration (category:base,tabindex:1)
2024-01-03 13:40:42,593 [INFO] PluginManage:310 - Check plugin pinoutconfig
2024-01-03 13:40:42,661 [WARN] SupportedApi:132 - Cannot load RTOS API schema: s4s-elt-must-match.1: The content of 'definitions' must match (annotation?, (simpleType | complexType)?, (unique | key | keyref)*)). A problem was found starting at: attribute.
2024-01-03 13:40:42,827 [INFO] PluginManage:359 - Loaded plugin pinoutconfig (category:base,tabindex:0)
2024-01-03 13:40:42,827 [INFO] PluginManage:310 - Check plugin power
2024-01-03 13:40:42,843 [INFO] PluginManage:359 - Loaded plugin power (category:power,tabindex:4)
2024-01-03 13:40:42,843 [INFO] PluginManage:310 - Check plugin projectmanager
2024-01-03 13:40:42,874 [INFO] PluginManage:359 - Loaded plugin projectmanager (category:projectmanager,tabindex:3)
2024-01-03 13:40:42,875 [INFO] PluginManage:310 - Check plugin thirdparty
2024-01-03 13:40:43,038 [INFO] PluginManage:359 - Loaded plugin thirdparty (category:base,tabindex:-1)
2024-01-03 13:40:43,038 [WARN] IntegrityCheckThread:84 - waiting for thirdparty lock release [integrity check]
2024-01-03 13:40:43,038 [INFO] PluginManage:310 - Check plugin tools
2024-01-03 13:40:43,039 [INFO] IntegrityCheckThread:86 - entering critical section [integrity check]
2024-01-03 13:40:43,040 [INFO] ThirdPartyUpdaterWithRetryManager:70 - Updater plugin not ready yet. [1/15]
2024-01-03 13:40:43,042 [INFO] PluginManage:359 - Loaded plugin tools (category:base,tabindex:7)
2024-01-03 13:40:43,042 [INFO] PluginManage:310 - Check plugin tutovideos
2024-01-03 13:40:43,182 [INFO] PluginManage:359 - Loaded plugin tutovideos (category:base,tabindex:-1)
2024-01-03 13:40:43,182 [INFO] PluginManage:310 - Check plugin updater
2024-01-03 13:40:43,196 [INFO] PluginManage:359 - Loaded plugin updater (category:base,tabindex:12)
2024-01-03 13:40:43,196 [INFO] PluginManage:310 - Check plugin userauth
2024-01-03 13:40:43,201 [INFO] UserAuth:113 - Init User Auth plugin
2024-01-03 13:40:43,201 [INFO] PluginManage:359 - Loaded plugin userauth (category:base,tabindex:14)
2024-01-03 13:40:43,202 [INFO] PluginManage:283 - PluginManage : Loaded plugins [17]
2024-01-03 13:40:43,439 [INFO] PinOutPanel:1499 - setPackage(No Configuration,No Configuration)
2024-01-03 13:40:43,530 [INFO] CADModel:165 - CPN selected for project level
2024-01-03 13:40:43,530 [INFO] CADModel:114 - Register for checkConnection events
2024-01-03 13:40:43,541 [INFO] IPUIPlugin:80 - create IPUIPlugin
2024-01-03 13:40:43,541 [INFO] PluginManager:220 - loadIPPluginJar : add mdma
2024-01-03 13:40:43,546 [INFO] IPUIPlugin:80 - create IPUIPlugin
2024-01-03 13:40:43,546 [INFO] PluginManager:220 - loadIPPluginJar : add freertos
2024-01-03 13:40:43,549 [INFO] IPUIPlugin:80 - create IPUIPlugin
2024-01-03 13:40:43,549 [INFO] PluginManager:220 - loadIPPluginJar : add gic
2024-01-03 13:40:43,553 [INFO] IPUIPlugin:80 - create IPUIPlugin
2024-01-03 13:40:43,553 [INFO] PluginManager:220 - loadIPPluginJar : add adc
2024-01-03 13:40:43,554 [INFO] IPUIPlugin:80 - create IPUIPlugin
2024-01-03 13:40:43,554 [INFO] PluginManager:220 - loadIPPluginJar : add gtzc
2024-01-03 13:40:43,555 [INFO] IPUIPlugin:80 - create IPUIPlugin
2024-01-03 13:40:43,555 [INFO] PluginManager:220 - loadIPPluginJar : add quadspi
2024-01-03 13:40:43,556 [INFO] IPUIPlugin:80 - create IPUIPlugin
2024-01-03 13:40:43,556 [INFO] PluginManager:220 - loadIPPluginJar : add aes
2024-01-03 13:40:43,558 [INFO] IPUIPlugin:80 - create IPUIPlugin
2024-01-03 13:40:43,558 [INFO] PluginManager:220 - loadIPPluginJar : add pdm2pcm
2024-01-03 13:40:43,559 [INFO] IPUIPlugin:80 - create IPUIPlugin
2024-01-03 13:40:43,559 [INFO] PluginManager:220 - loadIPPluginJar : add hash
2024-01-03 13:40:43,559 [INFO] IPUIPlugin:80 - create IPUIPlugin
2024-01-03 13:40:43,559 [INFO] PluginManager:220 - loadIPPluginJar : add tim
2024-01-03 13:40:43,560 [INFO] IPUIPlugin:80 - create IPUIPlugin
2024-01-03 13:40:43,560 [INFO] PluginManager:220 - loadIPPluginJar : add tsc
2024-01-03 13:40:43,561 [INFO] IPUIPlugin:80 - create IPUIPlugin
2024-01-03 13:40:43,561 [INFO] PluginManager:220 - loadIPPluginJar : add ts
2024-01-03 13:40:43,562 [INFO] IPUIPlugin:80 - create IPUIPlugin
2024-01-03 13:40:43,562 [INFO] PluginManager:220 - loadIPPluginJar : add can
2024-01-03 13:40:43,564 [INFO] IPUIPlugin:80 - create IPUIPlugin
2024-01-03 13:40:43,564 [INFO] PluginManager:220 - loadIPPluginJar : add dma3
2024-01-03 13:40:43,565 [INFO] IPUIPlugin:80 - create IPUIPlugin
2024-01-03 13:40:43,565 [INFO] PluginManager:220 - loadIPPluginJar : add dfsdm
2024-01-03 13:40:43,566 [INFO] IPUIPlugin:80 - create IPUIPlugin
2024-01-03 13:40:43,566 [INFO] PluginManager:220 - loadIPPluginJar : add spi
2024-01-03 13:40:43,567 [INFO] IPUIPlugin:80 - create IPUIPlugin
2024-01-03 13:40:43,567 [INFO] PluginManager:220 - loadIPPluginJar : add gfxmmu
2024-01-03 13:40:43,568 [INFO] IPUIPlugin:80 - create IPUIPlugin
2024-01-03 13:40:43,568 [INFO] PluginManager:220 - loadIPPluginJar : add genericplugin
2024-01-03 13:40:43,569 [INFO] IPUIPlugin:80 - create IPUIPlugin
2024-01-03 13:40:43,569 [INFO] PluginManager:220 - loadIPPluginJar : add cryp
2024-01-03 13:40:43,570 [INFO] IPUIPlugin:80 - create IPUIPlugin
2024-01-03 13:40:43,571 [INFO] PluginManager:220 - loadIPPluginJar : add gpio
2024-01-03 13:40:43,571 [INFO] IPUIPlugin:80 - create IPUIPlugin
2024-01-03 13:40:43,572 [INFO] PluginManager:220 - loadIPPluginJar : add comp
2024-01-03 13:40:43,573 [INFO] IPUIPlugin:80 - create IPUIPlugin
2024-01-03 13:40:43,573 [INFO] PluginManager:220 - loadIPPluginJar : add tracer_emb
2024-01-03 13:40:43,574 [INFO] IPUIPlugin:80 - create IPUIPlugin
2024-01-03 13:40:43,574 [INFO] PluginManager:220 - loadIPPluginJar : add openamp
2024-01-03 13:40:43,577 [INFO] IPUIPlugin:80 - create IPUIPlugin
2024-01-03 13:40:43,577 [INFO] PluginManager:220 - loadIPPluginJar : add stm32_wpan
2024-01-03 13:40:43,579 [INFO] IPUIPlugin:80 - create IPUIPlugin
2024-01-03 13:40:43,584 [INFO] PluginManager:220 - loadIPPluginJar : add plateformsettings
2024-01-03 13:40:43,586 [INFO] IPUIPlugin:80 - create IPUIPlugin
2024-01-03 13:40:43,586 [INFO] PluginManager:220 - loadIPPluginJar : add ipddr
2024-01-03 13:40:43,587 [INFO] IPUIPlugin:80 - create IPUIPlugin
2024-01-03 13:40:43,587 [INFO] PluginManager:220 - loadIPPluginJar : add usart
2024-01-03 13:40:43,588 [INFO] IPUIPlugin:80 - create IPUIPlugin
2024-01-03 13:40:43,588 [INFO] PluginManager:220 - loadIPPluginJar : add ltdc
2024-01-03 13:40:43,590 [INFO] IPUIPlugin:80 - create IPUIPlugin
2024-01-03 13:40:43,590 [INFO] PluginManager:220 - loadIPPluginJar : add nvic
2024-01-03 13:40:43,591 [INFO] IPUIPlugin:80 - create IPUIPlugin
2024-01-03 13:40:43,591 [INFO] PluginManager:220 - loadIPPluginJar : add fatfs
2024-01-03 13:40:43,594 [INFO] IPUIPlugin:80 - create IPUIPlugin
2024-01-03 13:40:43,594 [INFO] PluginManager:220 - loadIPPluginJar : add linkedlist
2024-01-03 13:40:43,597 [INFO] IPUIPlugin:80 - create IPUIPlugin
2024-01-03 13:40:43,597 [INFO] PluginManager:220 - loadIPPluginJar : add dma
2024-01-03 13:40:43,598 [INFO] IPUIPlugin:80 - create IPUIPlugin
2024-01-03 13:40:43,598 [INFO] PluginManager:220 - loadIPPluginJar : add fmc
2024-01-03 13:40:43,599 [INFO] IPUIPlugin:80 - create IPUIPlugin
2024-01-03 13:40:43,600 [INFO] PluginManager:220 - loadIPPluginJar : add i2s
2024-01-03 13:40:43,600 [INFO] IPUIPlugin:80 - create IPUIPlugin
2024-01-03 13:40:43,600 [INFO] PluginManager:220 - loadIPPluginJar : add ucpd
2024-01-03 13:40:43,601 [INFO] IPUIPlugin:80 - create IPUIPlugin
2024-01-03 13:40:43,602 [INFO] PluginManager:220 - loadIPPluginJar : add lorawan
2024-01-03 13:40:43,603 [INFO] IPUIPlugin:80 - create IPUIPlugin
2024-01-03 13:40:43,603 [INFO] PluginManager:220 - loadIPPluginJar : add opamp
2024-01-03 13:40:43,605 [INFO] IPUIPlugin:80 - create IPUIPlugin
2024-01-03 13:40:43,605 [INFO] PluginManager:220 - loadIPPluginJar : add i3c
2024-01-03 13:40:43,606 [INFO] IPUIPlugin:80 - create IPUIPlugin
2024-01-03 13:40:43,606 [INFO] PluginManager:220 - loadIPPluginJar : add touchsensing
2024-01-03 13:40:43,607 [INFO] IPUIPlugin:80 - create IPUIPlugin
2024-01-03 13:40:43,607 [INFO] PluginManager:220 - loadIPPluginJar : add i2c
2024-01-03 13:40:43,608 [INFO] IPUIPlugin:80 - create IPUIPlugin
2024-01-03 13:40:43,608 [INFO] PluginManager:220 - loadIPPluginJar : add resmgrutility
2024-01-03 13:40:43,609 [INFO] IPUIPlugin:80 - create IPUIPlugin
2024-01-03 13:40:43,610 [INFO] PluginManager:220 - loadIPPluginJar : add sai
2024-01-03 13:40:43,612 [INFO] IPUIPlugin:80 - create IPUIPlugin
2024-01-03 13:40:43,612 [INFO] PluginManager:220 - loadIPPluginJar : add usbx
2024-01-03 13:40:43,720 [INFO] CADModel:165 - CPN selected for project level
2024-01-03 13:40:43,721 [INFO] CADModel:114 - Register for checkConnection events
2024-01-03 13:40:43,722 [FATAL] Updater:308 - Updater called before beeing initialized
2024-01-03 13:40:43,722 [ERROR] CADModel:125 - Updater not yet initialized, retry later 
2024-01-03 13:40:44,070 [INFO] CADModel:165 - CPN selected for project level
2024-01-03 13:40:44,070 [INFO] CADModel:114 - Register for checkConnection events
2024-01-03 13:40:44,070 [FATAL] Updater:308 - Updater called before beeing initialized
2024-01-03 13:40:44,070 [ERROR] CADModel:125 - Updater not yet initialized, retry later 
2024-01-03 13:40:44,073 [FATAL] Updater:308 - Updater called before beeing initialized
2024-01-03 13:40:44,205 [FATAL] Updater:308 - Updater called before beeing initialized
2024-01-03 13:40:44,211 [INFO] DbMcusAds:53 - JSON generation date=Thu Sep 30 01:55:09 CDT 2021 (1632984909247)
2024-01-03 13:40:44,211 [FATAL] Updater:308 - Updater called before beeing initialized
2024-01-03 13:40:44,321 [WARN] DetailPanel:346 - Failed to get advertising image, set to default
2024-01-03 13:40:44,389 [FATAL] Updater:308 - Updater called before beeing initialized
2024-01-03 13:40:44,390 [FATAL] Updater:308 - Updater called before beeing initialized
2024-01-03 13:40:44,390 [FATAL] Updater:308 - Updater called before beeing initialized
2024-01-03 13:40:44,390 [WARN] DetailPanel:346 - Failed to get advertising image, set to default
2024-01-03 13:40:44,392 [FATAL] Updater:308 - Updater called before beeing initialized
2024-01-03 13:40:44,453 [ERROR] Updater:1120 - MainUpdater not yet initialized. External WinMGr cannot be set.
2024-01-03 13:40:44,486 [INFO] Updater:1056 - Updater Version found : 6.9.2
2024-01-03 13:40:44,501 [INFO] ApplicationProperties:184 - Using Application install path: /Applications/STM32CubeIDE.app/Contents/Eclipse/plugins/com.st.stm32cube.common.mx_6.9.2.202309101412
2024-01-03 13:40:44,705 [INFO] MainUpdater:2868 - connection check result : 10
2024-01-03 13:40:44,707 [INFO] MainUpdater:3562 - Updater definition file requires update
2024-01-03 13:40:44,709 [INFO] MainUpdater:285 - Updater Check For Update Now.
2024-01-03 13:40:44,710 [INFO] MicroXplorer:498 - Change Database Version : DB.6.0.92
2024-01-03 13:40:44,726 [INFO] McuFinderGlobals:63 - Set McuFinder mode to 2 (CubeIDE integrated)
2024-01-03 13:40:44,727 [INFO] UserAuth:179 - activating auth plugin
2024-01-03 13:40:44,739 [INFO] UserAuth:393 - Internet connection configuration mode: 1
2024-01-03 13:40:44,751 [INFO] JxBrowserEngine:151 - Initiate JxBrowser Engine with user profile folder
2024-01-03 13:40:44,771 [INFO] ServerAccessManage:473 - Download File updaters.zip
2024-01-03 13:40:44,890 [INFO] FileExtend:240 - Unzip File : updaters.zip
2024-01-03 13:40:44,891 [INFO] FileExtend:255 - Standard Zip Deflate
2024-01-03 13:40:45,032 [INFO] ServerAccessManage:473 - Download File PacksControlFlags.xml
2024-01-03 13:40:45,120 [INFO] ServerAccessManage:473 - Download File cubemx.pidx
2024-01-03 13:40:46,049 [WARN] MainUpdater:1189 - Updater busy. Cannot search thirdparties
2024-01-03 13:40:46,050 [INFO] ThirdPartyUpdaterWithRetryManager:96 - Updater plugin is busy. [1/15]
2024-01-03 13:40:46,107 [INFO] ServerAccessManage:473 - Download File STMicroelectronics.X-CUBE-TOUCHGFX.pdsc
2024-01-03 13:40:47,805 [ERROR] ServerAccessManage:1096 - Problem, Http access forbiden
2024-01-03 13:40:47,815 [ERROR] ServerAccessManage:651 - Problem, Http access forbiden : RoweBots.I-CUBE-UNISONRTOS.pdsc.
2024-01-03 13:40:48,008 [WARN] PackLoader:240 - Cannot read IP mode file for STMicroelectronics.X-CUBE-TOUCHGFX.4.23.0
2024-01-03 13:40:48,018 [INFO] PopulateThirdPartyThread:66 - Ending populate Thread
2024-01-03 13:40:48,021 [INFO] ThirdParty:1030 - CMSIS Pack Vendor :STMicroelectronics X-CUBE-TOUCHGFX 4.23.0
2024-01-03 13:40:48,021 [INFO] LoadServerUpdatesThread:373 - End of LoadServerUpdate Thread
2024-01-03 13:40:48,172 [INFO] CheckServerUpdateThread:120 - End of CheckServer Thread
2024-01-03 13:40:49,141 [WARN] PackLoader:240 - Cannot read IP mode file for STMicroelectronics.X-CUBE-SMBUS.2.1.0
2024-01-03 13:40:49,149 [WARN] PackLoader:240 - Cannot read IP mode file for STMicroelectronics.X-CUBE-TOUCHGFX.4.23.0
2024-01-03 13:40:49,193 [WARN] PackLoader:240 - Cannot read IP mode file for STMicroelectronics.X-CUBE-AZRTOS-F7.1.1.0
2024-01-03 13:40:49,231 [WARN] PackLoader:240 - Cannot read IP mode file for STMicroelectronics.FP-SNS-MOTENV1.4.3.2
2024-01-03 13:40:49,297 [WARN] PackLoader:240 - Cannot read IP mode file for STMicroelectronics.FP-SNS-FLIGHT1.5.0.2
2024-01-03 13:40:49,321 [WARN] PackLoader:240 - Cannot read IP mode file for STMicroelectronics.X-CUBE-DISPLAY.3.0.0
2024-01-03 13:40:49,371 [WARN] PackLoader:240 - Cannot read IP mode file for STMicroelectronics.X-CUBE-BLE1.7.0.0
2024-01-03 13:40:49,390 [WARN] PackLoader:240 - Cannot read IP mode file for emotas.I-CUBE-CANOPEN.1.3.0
2024-01-03 13:40:49,398 [WARN] PackLoader:240 - Cannot read IP mode file for STMicroelectronics.X-CUBE-TOUCHGFX.4.22.1
2024-01-03 13:40:49,409 [WARN] PackLoader:240 - Cannot read IP mode file for STMicroelectronics.FP-SNS-SMARTAG2.1.2.0
2024-01-03 13:40:49,423 [INFO] LogOutputStream:77 - [STDOUT_REDIRECT] 1 : Invalid condition id : UX_CORESTACK_Condition cause : null
2024-01-03 13:40:49,424 [INFO] LogOutputStream:77 - [STDOUT_REDIRECT] 1 : Invalid condition id : UX_CORESTACK_Condition cause : null
2024-01-03 13:40:49,424 [INFO] LogOutputStream:77 - [STDOUT_REDIRECT] 1 : Invalid condition id : UX_CORESTACK_Condition cause : null
2024-01-03 13:40:49,424 [INFO] LogOutputStream:77 - [STDOUT_REDIRECT] 1 : Invalid condition id : UX_CORESTACK_Condition cause : null
2024-01-03 13:40:49,424 [INFO] LogOutputStream:77 - [STDOUT_REDIRECT] 1 : Invalid condition id : UX_CORESTACK_Condition cause : null
2024-01-03 13:40:49,438 [WARN] PackLoader:240 - Cannot read IP mode file for STMicroelectronics.X-CUBE-AZRTOS-WL.2.0.0
2024-01-03 13:40:49,455 [WARN] PackLoader:240 - Cannot read IP mode file for WES.I-CUBE-Cesium.1.3.0
2024-01-03 13:40:49,461 [WARN] PackLoader:240 - Cannot read IP mode file for STMicroelectronics.X-CUBE-BLE2.3.3.0
2024-01-03 13:40:49,491 [WARN] PackLoader:240 - Cannot read IP mode file for STMicroelectronics.X-CUBE-ALGOBUILD.1.3.0
2024-01-03 13:40:49,524 [WARN] PackLoader:240 - Cannot read IP mode file for STMicroelectronics.X-CUBE-AZRTOS-G0.1.1.0
2024-01-03 13:40:49,538 [WARN] PackLoader:240 - Cannot read IP mode file for STMicroelectronics.X-CUBE-NFC4.3.0.0
2024-01-03 13:40:49,577 [WARN] PackLoader:240 - Cannot read IP mode file for STMicroelectronics.X-CUBE-BLEMGR.3.0.0
2024-01-03 13:40:49,589 [WARN] PackLoader:240 - Cannot read IP mode file for STMicroelectronics.FP-ATR-SIGFOX1.3.2.0
2024-01-03 13:40:49,693 [WARN] PackLoader:240 - Cannot read IP mode file for SEGGER.I-CUBE-embOS.1.3.1
2024-01-03 13:40:49,793 [WARN] PackLoader:240 - Cannot read IP mode file for STMicroelectronics.X-CUBE-GNSS1.6.0.0
2024-01-03 13:40:49,819 [INFO] WebApp:157 - Instantiating new browser for Auth
2024-01-03 13:40:49,833 [WARN] PackLoader:240 - Cannot read IP mode file for STMicroelectronics.X-CUBE-AZRTOS-F4.1.1.0
2024-01-03 13:40:49,852 [WARN] PackLoader:240 - Cannot read IP mode file for wolfSSL.I-CUBE-wolfSSL.5.6.3
2024-01-03 13:40:49,887 [WARN] PackLoader:240 - Cannot read IP mode file for STMicroelectronics.X-CUBE-AZRTOS-L5.2.0.0
2024-01-03 13:40:49,977 [WARN] PackLoader:240 - Cannot read IP mode file for STMicroelectronics.X-CUBE-MEMS1.9.6.0
2024-01-03 13:40:50,204 [WARN] PackLoader:240 - Cannot read IP mode file for STMicroelectronics.X-CUBE-EEPRMA1.4.2.0
2024-01-03 13:40:50,272 [WARN] PackLoader:240 - Cannot read IP mode file for ITTIA_DB.I-CUBE-ITTIADB.8.8.0
2024-01-03 13:40:50,323 [WARN] PackLoader:240 - Cannot read IP mode file for STMicroelectronics.X-CUBE-BLEMGR.2.0.0
2024-01-03 13:40:50,375 [WARN] ConditionMgr:438 - getConditionDescription Invalid condition id : UX DEVICE CLASS RTOS Condition cause : null
2024-01-03 13:40:50,376 [WARN] ConditionMgr:438 - getConditionDescription Invalid condition id : UX DEVICE CLASS RTOS Condition cause : null
2024-01-03 13:40:50,383 [WARN] PackLoader:240 - Cannot read IP mode file for STMicroelectronics.X-CUBE-AZRTOS-H7.3.1.0
2024-01-03 13:40:50,385 [WARN] ConditionMgr:1039 - genDependencies : Invalid condition id : UX DEVICE CLASS RTOS Condition cause : null
2024-01-03 13:40:50,386 [WARN] ConditionMgr:1039 - genDependencies : Invalid condition id : UX DEVICE CLASS RTOS Condition cause : null
2024-01-03 13:40:50,387 [WARN] ConditionMgr:1039 - genDependencies : Invalid condition id : UX DEVICE CLASS RTOS Condition cause : null
2024-01-03 13:40:50,387 [WARN] ConditionMgr:1039 - genDependencies : Invalid condition id : UX DEVICE CLASS RTOS Condition cause : null
2024-01-03 13:40:50,388 [WARN] ConditionMgr:1039 - genDependencies : Invalid condition id : UX DEVICE CLASS RTOS Condition cause : null
2024-01-03 13:40:50,414 [WARN] PackLoader:240 - Cannot read IP mode file for STMicroelectronics.X-CUBE-NFC7.1.0.1
2024-01-03 13:40:50,428 [WARN] PackLoader:240 - Cannot read IP mode file for STMicroelectronics.X-CUBE-NFC6.3.0.0
2024-01-03 13:40:50,436 [WARN] PackLoader:240 - Cannot read IP mode file for STMicroelectronics.X-CUBE-EEPRMA1.4.1.0
2024-01-03 13:40:50,443 [WARN] PackLoader:240 - Cannot read IP mode file for STMicroelectronics.X-CUBE-AI.8.1.0
2024-01-03 13:40:50,466 [WARN] ConditionMgr:438 - getConditionDescription Invalid condition id : LAN8742 Phy interface Condition cause : null
2024-01-03 13:40:50,467 [WARN] PackLoader:240 - Cannot read IP mode file for STMicroelectronics.X-CUBE-AZRTOS-L4.2.0.0
2024-01-03 13:40:50,469 [WARN] ConditionMgr:1039 - genDependencies : Invalid condition id : LAN8742 Phy interface Condition cause : null
2024-01-03 13:40:50,469 [WARN] ConditionMgr:1039 - genDependencies : Invalid condition id : LAN8742 Phy interface Condition cause : null
2024-01-03 13:40:50,470 [WARN] ConditionMgr:1039 - genDependencies : Invalid condition id : LAN8742 Phy interface Condition cause : null
2024-01-03 13:40:50,494 [WARN] PackLoader:240 - Cannot read IP mode file for STMicroelectronics.X-CUBE-SFXS2LP1.4.0.0
2024-01-03 13:40:50,502 [WARN] PackLoader:240 - Cannot read IP mode file for STMicroelectronics.X-CUBE-ISPU.1.1.0
2024-01-03 13:40:50,513 [WARN] ConditionMgr:438 - getConditionDescription Invalid condition id : UX DEVICE CLASS RTOS Condition cause : null
2024-01-03 13:40:50,516 [WARN] ConditionMgr:438 - getConditionDescription Invalid condition id : UX DEVICE CLASS RTOS Condition cause : null
2024-01-03 13:40:50,520 [WARN] PackLoader:240 - Cannot read IP mode file for STMicroelectronics.X-CUBE-AZRTOS-WB.2.0.0
2024-01-03 13:40:50,521 [WARN] ConditionMgr:1039 - genDependencies : Invalid condition id : UX DEVICE CLASS RTOS Condition cause : null
2024-01-03 13:40:50,521 [WARN] ConditionMgr:1039 - genDependencies : Invalid condition id : UX DEVICE CLASS RTOS Condition cause : null
2024-01-03 13:40:50,522 [WARN] ConditionMgr:1039 - genDependencies : Invalid condition id : UX DEVICE CLASS RTOS Condition cause : null
2024-01-03 13:40:50,522 [WARN] ConditionMgr:1039 - genDependencies : Invalid condition id : UX DEVICE CLASS RTOS Condition cause : null
2024-01-03 13:40:50,522 [WARN] ConditionMgr:1039 - genDependencies : Invalid condition id : UX DEVICE CLASS RTOS Condition cause : null
2024-01-03 13:40:50,534 [WARN] PackLoader:240 - Cannot read IP mode file for STMicroelectronics.X-CUBE-SUBG2.5.0.0
2024-01-03 13:40:50,553 [WARN] PackLoader:240 - Cannot read IP mode file for STMicroelectronics.X-CUBE-TOF1.3.3.1
2024-01-03 13:40:50,578 [WARN] PackLoader:240 - Cannot read IP mode file for STMicroelectronics.X-CUBE-AZRTOS-G4.2.0.0
2024-01-03 13:40:50,606 [WARN] PackLoader:240 - Cannot read IP mode file for Infineon.AIROC-Wi-Fi-Bluetooth-STM32.1.5.1
2024-01-03 13:40:50,615 [WARN] PackLoader:240 - Cannot read IP mode file for STMicroelectronics.FP-SNS-MOTENVWB1.1.3.0
2024-01-03 13:40:50,618 [WARN] PackLoader:240 - Cannot read IP mode file for STMicroelectronics.FP-SNS-MOTENVWB1.1.3.1
2024-01-03 13:40:50,621 [WARN] PackLoader:240 - Cannot read IP mode file for STMicroelectronics.X-CUBE-ISPU.2.0.0
2024-01-03 13:40:50,677 [WARN] PackLoader:240 - Cannot read IP mode file for STMicroelectronics.X-CUBE-MEMS1.10.0.0
2024-01-03 13:40:50,760 [WARN] PackLoader:240 - Cannot read IP mode file for STMicroelectronics.X-CUBE-FREERTOS.1.1.0
2024-01-03 13:40:50,769 [WARN] PackLoader:240 - Cannot read IP mode file for portGmbH.I-Cube-SoM-uGOAL.1.1.0
2024-01-03 13:40:50,773 [WARN] PackLoader:240 - Cannot read IP mode file for STMicroelectronics.X-CUBE-ALS.1.0.1
2024-01-03 13:40:50,778 [WARN] PackLoader:240 - Cannot read IP mode file for STMicroelectronics.FP-ATR-ASTRA1.2.0.0
2024-01-03 13:40:50,789 [WARN] PackLoader:240 - Cannot read IP mode file for STMicroelectronics.X-CUBE-TOF1.3.4.0
2024-01-03 13:40:50,825 [WARN] PackLoader:240 - Cannot read IP mode file for STMicroelectronics.X-CUBE-AZRTOS-H7.3.2.0
2024-01-03 13:40:50,832 [INFO] ThirdParty:978 - Integrity check success = true
2024-01-03 13:40:50,832 [INFO] IntegrityCheckThread:100 - exiting critical section [integrity check]
2024-01-03 13:40:50,832 [INFO] IntegrityCheckThread:103 - End integrity checks thread
2024-01-03 13:40:51,087 [INFO] WebApp:753 - Register for checkConnection events
2024-01-03 13:40:51,087 [INFO] WebApp:390 - Apply proxy settings
2024-01-03 13:40:51,094 [INFO] WebApp:455 - Chromium authenticates against System proxy
2024-01-03 13:40:51,228 [INFO] WebApp:188 - Starting web application
2024-01-03 13:40:51,228 [INFO] WebApp:520 - Web application path used /Applications/STM32CubeIDE.app/Contents/Eclipse/plugins/com.st.stm32cube.common.mx_6.9.2.202309101412/db/plugins/mcufinder/reactClient1/index.html
2024-01-03 13:41:12,546 [ERROR] LogOutputStream:75 - [STDERR_REDIRECT] SLF4J: Failed to load class "org.slf4j.impl.StaticLoggerBinder".
2024-01-03 13:41:12,548 [ERROR] LogOutputStream:75 - [STDERR_REDIRECT] SLF4J: Defaulting to no-operation (NOP) logger implementation
2024-01-03 13:41:12,548 [ERROR] LogOutputStream:75 - [STDERR_REDIRECT] SLF4J: See http://www.slf4j.org/codes.html#StaticLoggerBinder for further details.
2024-01-03 13:41:31,298 [INFO] LogOutputStream:77 - [STDOUT_REDIRECT] Unexpected error loading extension: org.eclipse.equinox.p2.metadata.repository.compositeRepository
2024-01-03 13:41:31,328 [ERROR] LogOutputStream:75 - [STDERR_REDIRECT] 
2024-01-03 13:41:54,380 [INFO] Activator:176 - 


2024-01-03 13:41:54,382 [INFO] Activator:177 - !SESSION log4j initialized
2024-01-03 13:41:56,200 [ERROR] LogOutputStream:75 - [STDERR_REDIRECT] 
2024-01-03 13:41:58,104 [INFO] LogOutputStream:77 - [STDOUT_REDIRECT] 
2024-01-03 13:41:59,653 [INFO] ApplicationProperties:184 - Using Application install path: /Applications/STM32CubeIDE.app/Contents/Eclipse/plugins/com.st.stm32cube.common.mx_6.9.2.202309101412
2024-01-03 13:41:59,665 [INFO] DbMcusXml:78 - Set database path to: /Applications/STM32CubeIDE.app/Contents/Eclipse/plugins/com.st.stm32cube.common.mx_6.9.2.202309101412//db//mcu/
2024-01-03 13:41:59,665 [INFO] ApiDb:274 - Set plugin database path to: /Applications/STM32CubeIDE.app/Contents/Eclipse/plugins/com.st.stm32cube.common.mx_6.9.2.202309101412//db//plugins/boardmanager/
2024-01-03 13:41:59,666 [WARN] ApiDb:259 - Overriding images path with different value:  => /Applications/STM32CubeIDE.app/Contents/Eclipse/plugins/com.st.stm32cube.common.mx_6.9.2.202309101412//db//plugins/mcufinder/images/
2024-01-03 13:41:59,677 [INFO] ApiDb:250 - Set database path to: /Users/jansiranibalasubramanian/.stmcufinder/plugins/mcufinder//mcu/
2024-01-03 13:41:59,678 [INFO] DbMcusAds:125 - Set database path to: /Users/jansiranibalasubramanian/.stmcufinder/plugins/mcufinder//mcu/
2024-01-03 13:41:59,679 [INFO] CrossReferenceDbSqlite:203 - Set database path to: /Users/jansiranibalasubramanian/.stmcufinder/plugins/mcufinder//mcu/cs/
2024-01-03 13:41:59,783 [INFO] RulesReader:64 - Compatibility file has been processed (293 Rules)
2024-01-03 13:41:59,851 [INFO] DbMcusXml:78 - Set database path to: /Applications/STM32CubeIDE.app/Contents/Eclipse/plugins/com.st.stm32cube.common.mx_6.9.2.202309101412//db//mcu/
2024-01-03 13:41:59,851 [INFO] ApiDb:274 - Set plugin database path to: /Applications/STM32CubeIDE.app/Contents/Eclipse/plugins/com.st.stm32cube.common.mx_6.9.2.202309101412//db//plugins/boardmanager/
2024-01-03 13:41:59,852 [INFO] ApiDb:261 - Set plugin images path to: /Applications/STM32CubeIDE.app/Contents/Eclipse/plugins/com.st.stm32cube.common.mx_6.9.2.202309101412//db//plugins/mcufinder/images/
2024-01-03 13:41:59,852 [WARN] DbFile:41 - Overriding database path with different value: /Users/jansiranibalasubramanian/.stmcufinder/plugins/mcufinder/ => /Users/jansiranibalasubramanian/.stmcufinder/plugins/mcufinder
2024-01-03 13:41:59,853 [INFO] ApiDb:250 - Set database path to: /Users/jansiranibalasubramanian/.stmcufinder/plugins/mcufinder//mcu/
2024-01-03 13:41:59,853 [WARN] DbFile:41 - Overriding database path with different value: /Users/jansiranibalasubramanian/.stmcufinder/plugins/mcufinder/ => /Users/jansiranibalasubramanian/.stmcufinder/plugins/mcufinder
2024-01-03 13:41:59,853 [INFO] DbMcusAds:125 - Set database path to: /Users/jansiranibalasubramanian/.stmcufinder/plugins/mcufinder//mcu/
2024-01-03 13:41:59,853 [WARN] DbFile:41 - Overriding database path with different value: /Users/jansiranibalasubramanian/.stmcufinder/plugins/mcufinder/ => /Users/jansiranibalasubramanian/.stmcufinder/plugins/mcufinder
2024-01-03 13:41:59,853 [WARN] DbFile:41 - Overriding database path with different value: /Users/jansiranibalasubramanian/.stmcufinder/plugins/mcufinder/ => /Users/jansiranibalasubramanian/.stmcufinder/plugins/mcufinder
2024-01-03 13:41:59,853 [INFO] CrossReferenceDbSqlite:203 - Set database path to: /Users/jansiranibalasubramanian/.stmcufinder/plugins/mcufinder//mcu/cs/
2024-01-03 13:41:59,918 [INFO] MainPanel:262 - HeapMemory: 268435456
2024-01-03 13:41:59,982 [INFO] DbMcusXml:78 - Set database path to: /Applications/STM32CubeIDE.app/Contents/Eclipse/plugins/com.st.stm32cube.common.mx_6.9.2.202309101412//db//mcu/
2024-01-03 13:41:59,982 [INFO] ApiDb:274 - Set plugin database path to: /Applications/STM32CubeIDE.app/Contents/Eclipse/plugins/com.st.stm32cube.common.mx_6.9.2.202309101412//db//plugins/boardmanager/
2024-01-03 13:41:59,983 [INFO] ApiDb:261 - Set plugin images path to: /Applications/STM32CubeIDE.app/Contents/Eclipse/plugins/com.st.stm32cube.common.mx_6.9.2.202309101412//db//plugins/mcufinder/images/
2024-01-03 13:41:59,983 [WARN] DbFile:41 - Overriding database path with different value: /Users/jansiranibalasubramanian/.stmcufinder/plugins/mcufinder/ => /Users/jansiranibalasubramanian/.stmcufinder/plugins/mcufinder
2024-01-03 13:41:59,983 [INFO] ApiDb:250 - Set database path to: /Users/jansiranibalasubramanian/.stmcufinder/plugins/mcufinder//mcu/
2024-01-03 13:41:59,983 [WARN] DbFile:41 - Overriding database path with different value: /Users/jansiranibalasubramanian/.stmcufinder/plugins/mcufinder/ => /Users/jansiranibalasubramanian/.stmcufinder/plugins/mcufinder
2024-01-03 13:41:59,983 [INFO] DbMcusAds:125 - Set database path to: /Users/jansiranibalasubramanian/.stmcufinder/plugins/mcufinder//mcu/
2024-01-03 13:41:59,983 [WARN] DbFile:41 - Overriding database path with different value: /Users/jansiranibalasubramanian/.stmcufinder/plugins/mcufinder/ => /Users/jansiranibalasubramanian/.stmcufinder/plugins/mcufinder
2024-01-03 13:41:59,983 [WARN] DbFile:41 - Overriding database path with different value: /Users/jansiranibalasubramanian/.stmcufinder/plugins/mcufinder/ => /Users/jansiranibalasubramanian/.stmcufinder/plugins/mcufinder
2024-01-03 13:41:59,983 [INFO] CrossReferenceDbSqlite:203 - Set database path to: /Users/jansiranibalasubramanian/.stmcufinder/plugins/mcufinder//mcu/cs/
2024-01-03 13:41:59,999 [INFO] ApplicationProperties:184 - Using Application install path: /Applications/STM32CubeIDE.app/Contents/Eclipse/plugins/com.st.stm32cube.common.mx_6.9.2.202309101412
2024-01-03 13:42:00,000 [INFO] PluginManage:196 - Search for loadable plugins [exclusion list=, ]
2024-01-03 13:42:00,002 [INFO] PluginManage:310 - Check plugin analytics
2024-01-03 13:42:00,239 [INFO] AnalyticsPlugin:253 - Accepted Software Licenses: 
2024-01-03 13:42:00,239 [INFO] AnalyticsPlugin:255 - Accepted CMSIS Pack Licenses: 
2024-01-03 13:42:00,239 [INFO] AnalyticsPlugin:257 - Accepted Firmware Licenses: 
2024-01-03 13:42:00,250 [INFO] PluginManage:359 - Loaded plugin analytics (category:tool,tabindex:-1)
2024-01-03 13:42:00,251 [INFO] PluginManage:310 - Check plugin cadmodel
2024-01-03 13:42:00,470 [INFO] CADModel:105 - Init CAD model plugin
2024-01-03 13:42:00,471 [INFO] PluginManage:359 - Loaded plugin cadmodel (category:power,tabindex:5)
2024-01-03 13:42:00,472 [INFO] PluginManage:310 - Check plugin clock
2024-01-03 13:42:00,488 [INFO] PluginManage:359 - Loaded plugin clock (category:base,tabindex:2)
2024-01-03 13:42:00,488 [INFO] PluginManage:310 - Check plugin ddr
2024-01-03 13:42:00,490 [INFO] PluginManage:359 - Loaded plugin ddr (category:tool,tabindex:6)
2024-01-03 13:42:00,490 [INFO] PluginManage:310 - Check plugin filemanager
2024-01-03 13:42:00,612 [INFO] PluginManage:359 - Loaded plugin filemanager (category:base,tabindex:10)
2024-01-03 13:42:00,613 [INFO] PluginManage:310 - Check plugin ipmanager
2024-01-03 13:42:00,619 [INFO] PluginManage:359 - Loaded plugin ipmanager (category:base,tabindex:5)
2024-01-03 13:42:00,620 [INFO] PluginManage:310 - Check plugin lpbam
2024-01-03 13:42:00,624 [INFO] PluginManage:359 - Loaded plugin lpbam (category:base,tabindex:0)
2024-01-03 13:42:00,624 [INFO] PluginManage:310 - Check plugin memorymap
2024-01-03 13:42:00,632 [INFO] PluginManage:359 - Loaded plugin memorymap (category:base,tabindex:4)
2024-01-03 13:42:00,632 [INFO] PluginManage:310 - Check plugin pinoutandconfiguration
2024-01-03 13:42:00,635 [INFO] PluginManage:359 - Loaded plugin pinoutandconfiguration (category:base,tabindex:1)
2024-01-03 13:42:00,635 [INFO] PluginManage:310 - Check plugin pinoutconfig
2024-01-03 13:42:00,709 [WARN] SupportedApi:132 - Cannot load RTOS API schema: s4s-elt-must-match.1: The content of 'definitions' must match (annotation?, (simpleType | complexType)?, (unique | key | keyref)*)). A problem was found starting at: attribute.
2024-01-03 13:42:00,840 [INFO] PluginManage:359 - Loaded plugin pinoutconfig (category:base,tabindex:0)
2024-01-03 13:42:00,840 [INFO] PluginManage:310 - Check plugin power
2024-01-03 13:42:00,860 [INFO] PluginManage:359 - Loaded plugin power (category:power,tabindex:4)
2024-01-03 13:42:00,861 [INFO] PluginManage:310 - Check plugin projectmanager
2024-01-03 13:42:01,018 [INFO] PluginManage:359 - Loaded plugin projectmanager (category:projectmanager,tabindex:3)
2024-01-03 13:42:01,022 [INFO] PluginManage:310 - Check plugin thirdparty
2024-01-03 13:42:01,241 [INFO] PluginManage:359 - Loaded plugin thirdparty (category:base,tabindex:-1)
2024-01-03 13:42:01,241 [INFO] PluginManage:310 - Check plugin tools
2024-01-03 13:42:01,241 [WARN] IntegrityCheckThread:84 - waiting for thirdparty lock release [integrity check]
2024-01-03 13:42:01,242 [INFO] IntegrityCheckThread:86 - entering critical section [integrity check]
2024-01-03 13:42:01,243 [INFO] ThirdPartyUpdaterWithRetryManager:70 - Updater plugin not ready yet. [1/15]
2024-01-03 13:42:01,245 [INFO] PluginManage:359 - Loaded plugin tools (category:base,tabindex:7)
2024-01-03 13:42:01,245 [INFO] PluginManage:310 - Check plugin tutovideos
2024-01-03 13:42:01,419 [INFO] PluginManage:359 - Loaded plugin tutovideos (category:base,tabindex:-1)
2024-01-03 13:42:01,421 [INFO] PluginManage:310 - Check plugin updater
2024-01-03 13:42:01,449 [INFO] PluginManage:359 - Loaded plugin updater (category:base,tabindex:12)
2024-01-03 13:42:01,450 [INFO] PluginManage:310 - Check plugin userauth
2024-01-03 13:42:01,456 [INFO] UserAuth:113 - Init User Auth plugin
2024-01-03 13:42:01,456 [INFO] PluginManage:359 - Loaded plugin userauth (category:base,tabindex:14)
2024-01-03 13:42:01,457 [INFO] PluginManage:283 - PluginManage : Loaded plugins [17]
2024-01-03 13:42:01,809 [INFO] PinOutPanel:1499 - setPackage(No Configuration,No Configuration)
2024-01-03 13:42:01,890 [INFO] CADModel:165 - CPN selected for project level
2024-01-03 13:42:01,890 [INFO] CADModel:114 - Register for checkConnection events
2024-01-03 13:42:01,903 [INFO] IPUIPlugin:80 - create IPUIPlugin
2024-01-03 13:42:01,904 [INFO] PluginManager:220 - loadIPPluginJar : add mdma
2024-01-03 13:42:01,908 [INFO] IPUIPlugin:80 - create IPUIPlugin
2024-01-03 13:42:01,908 [INFO] PluginManager:220 - loadIPPluginJar : add freertos
2024-01-03 13:42:01,911 [INFO] IPUIPlugin:80 - create IPUIPlugin
2024-01-03 13:42:01,911 [INFO] PluginManager:220 - loadIPPluginJar : add gic
2024-01-03 13:42:01,916 [INFO] IPUIPlugin:80 - create IPUIPlugin
2024-01-03 13:42:01,916 [INFO] PluginManager:220 - loadIPPluginJar : add adc
2024-01-03 13:42:01,918 [INFO] IPUIPlugin:80 - create IPUIPlugin
2024-01-03 13:42:01,918 [INFO] PluginManager:220 - loadIPPluginJar : add gtzc
2024-01-03 13:42:01,919 [INFO] IPUIPlugin:80 - create IPUIPlugin
2024-01-03 13:42:01,919 [INFO] PluginManager:220 - loadIPPluginJar : add quadspi
2024-01-03 13:42:01,919 [INFO] IPUIPlugin:80 - create IPUIPlugin
2024-01-03 13:42:01,920 [INFO] PluginManager:220 - loadIPPluginJar : add aes
2024-01-03 13:42:01,920 [INFO] IPUIPlugin:80 - create IPUIPlugin
2024-01-03 13:42:01,920 [INFO] PluginManager:220 - loadIPPluginJar : add pdm2pcm
2024-01-03 13:42:01,921 [INFO] IPUIPlugin:80 - create IPUIPlugin
2024-01-03 13:42:01,921 [INFO] PluginManager:220 - loadIPPluginJar : add hash
2024-01-03 13:42:01,922 [INFO] IPUIPlugin:80 - create IPUIPlugin
2024-01-03 13:42:01,922 [INFO] PluginManager:220 - loadIPPluginJar : add tim
2024-01-03 13:42:01,922 [INFO] IPUIPlugin:80 - create IPUIPlugin
2024-01-03 13:42:01,922 [INFO] PluginManager:220 - loadIPPluginJar : add tsc
2024-01-03 13:42:01,923 [INFO] IPUIPlugin:80 - create IPUIPlugin
2024-01-03 13:42:01,923 [INFO] PluginManager:220 - loadIPPluginJar : add ts
2024-01-03 13:42:01,924 [INFO] IPUIPlugin:80 - create IPUIPlugin
2024-01-03 13:42:01,924 [INFO] PluginManager:220 - loadIPPluginJar : add can
2024-01-03 13:42:01,926 [INFO] IPUIPlugin:80 - create IPUIPlugin
2024-01-03 13:42:01,926 [INFO] PluginManager:220 - loadIPPluginJar : add dma3
2024-01-03 13:42:01,927 [INFO] IPUIPlugin:80 - create IPUIPlugin
2024-01-03 13:42:01,927 [INFO] PluginManager:220 - loadIPPluginJar : add dfsdm
2024-01-03 13:42:01,928 [INFO] IPUIPlugin:80 - create IPUIPlugin
2024-01-03 13:42:01,928 [INFO] PluginManager:220 - loadIPPluginJar : add spi
2024-01-03 13:42:01,929 [INFO] IPUIPlugin:80 - create IPUIPlugin
2024-01-03 13:42:01,929 [INFO] PluginManager:220 - loadIPPluginJar : add gfxmmu
2024-01-03 13:42:01,930 [INFO] IPUIPlugin:80 - create IPUIPlugin
2024-01-03 13:42:01,931 [INFO] PluginManager:220 - loadIPPluginJar : add genericplugin
2024-01-03 13:42:01,933 [INFO] IPUIPlugin:80 - create IPUIPlugin
2024-01-03 13:42:01,933 [INFO] PluginManager:220 - loadIPPluginJar : add cryp
2024-01-03 13:42:01,935 [INFO] IPUIPlugin:80 - create IPUIPlugin
2024-01-03 13:42:01,935 [INFO] PluginManager:220 - loadIPPluginJar : add gpio
2024-01-03 13:42:01,935 [INFO] IPUIPlugin:80 - create IPUIPlugin
2024-01-03 13:42:01,936 [INFO] PluginManager:220 - loadIPPluginJar : add comp
2024-01-03 13:42:01,937 [INFO] IPUIPlugin:80 - create IPUIPlugin
2024-01-03 13:42:01,937 [INFO] PluginManager:220 - loadIPPluginJar : add tracer_emb
2024-01-03 13:42:01,938 [INFO] IPUIPlugin:80 - create IPUIPlugin
2024-01-03 13:42:01,938 [INFO] PluginManager:220 - loadIPPluginJar : add openamp
2024-01-03 13:42:01,940 [INFO] IPUIPlugin:80 - create IPUIPlugin
2024-01-03 13:42:01,940 [INFO] PluginManager:220 - loadIPPluginJar : add stm32_wpan
2024-01-03 13:42:01,943 [INFO] IPUIPlugin:80 - create IPUIPlugin
2024-01-03 13:42:01,949 [INFO] PluginManager:220 - loadIPPluginJar : add plateformsettings
2024-01-03 13:42:01,952 [INFO] IPUIPlugin:80 - create IPUIPlugin
2024-01-03 13:42:01,952 [INFO] PluginManager:220 - loadIPPluginJar : add ipddr
2024-01-03 13:42:01,954 [INFO] IPUIPlugin:80 - create IPUIPlugin
2024-01-03 13:42:01,954 [INFO] PluginManager:220 - loadIPPluginJar : add usart
2024-01-03 13:42:01,954 [INFO] IPUIPlugin:80 - create IPUIPlugin
2024-01-03 13:42:01,954 [INFO] PluginManager:220 - loadIPPluginJar : add ltdc
2024-01-03 13:42:01,955 [INFO] IPUIPlugin:80 - create IPUIPlugin
2024-01-03 13:42:01,955 [INFO] PluginManager:220 - loadIPPluginJar : add nvic
2024-01-03 13:42:01,956 [INFO] IPUIPlugin:80 - create IPUIPlugin
2024-01-03 13:42:01,956 [INFO] PluginManager:220 - loadIPPluginJar : add fatfs
2024-01-03 13:42:01,959 [INFO] IPUIPlugin:80 - create IPUIPlugin
2024-01-03 13:42:01,959 [INFO] PluginManager:220 - loadIPPluginJar : add linkedlist
2024-01-03 13:42:01,962 [INFO] IPUIPlugin:80 - create IPUIPlugin
2024-01-03 13:42:01,962 [INFO] PluginManager:220 - loadIPPluginJar : add dma
2024-01-03 13:42:01,963 [INFO] IPUIPlugin:80 - create IPUIPlugin
2024-01-03 13:42:01,963 [INFO] PluginManager:220 - loadIPPluginJar : add fmc
2024-01-03 13:42:01,964 [INFO] IPUIPlugin:80 - create IPUIPlugin
2024-01-03 13:42:01,964 [INFO] PluginManager:220 - loadIPPluginJar : add i2s
2024-01-03 13:42:01,965 [INFO] IPUIPlugin:80 - create IPUIPlugin
2024-01-03 13:42:01,965 [INFO] PluginManager:220 - loadIPPluginJar : add ucpd
2024-01-03 13:42:01,967 [INFO] IPUIPlugin:80 - create IPUIPlugin
2024-01-03 13:42:01,967 [INFO] PluginManager:220 - loadIPPluginJar : add lorawan
2024-01-03 13:42:01,968 [INFO] IPUIPlugin:80 - create IPUIPlugin
2024-01-03 13:42:01,968 [INFO] PluginManager:220 - loadIPPluginJar : add opamp
2024-01-03 13:42:01,969 [INFO] IPUIPlugin:80 - create IPUIPlugin
2024-01-03 13:42:01,969 [INFO] PluginManager:220 - loadIPPluginJar : add i3c
2024-01-03 13:42:01,970 [INFO] IPUIPlugin:80 - create IPUIPlugin
2024-01-03 13:42:01,970 [INFO] PluginManager:220 - loadIPPluginJar : add touchsensing
2024-01-03 13:42:01,971 [INFO] IPUIPlugin:80 - create IPUIPlugin
2024-01-03 13:42:01,971 [INFO] PluginManager:220 - loadIPPluginJar : add i2c
2024-01-03 13:42:01,972 [INFO] IPUIPlugin:80 - create IPUIPlugin
2024-01-03 13:42:01,972 [INFO] PluginManager:220 - loadIPPluginJar : add resmgrutility
2024-01-03 13:42:01,973 [INFO] IPUIPlugin:80 - create IPUIPlugin
2024-01-03 13:42:01,973 [INFO] PluginManager:220 - loadIPPluginJar : add sai
2024-01-03 13:42:01,974 [INFO] IPUIPlugin:80 - create IPUIPlugin
2024-01-03 13:42:01,974 [INFO] PluginManager:220 - loadIPPluginJar : add usbx
2024-01-03 13:42:02,102 [INFO] CADModel:165 - CPN selected for project level
2024-01-03 13:42:02,103 [INFO] CADModel:114 - Register for checkConnection events
2024-01-03 13:42:02,103 [FATAL] Updater:308 - Updater called before beeing initialized
2024-01-03 13:42:02,104 [ERROR] CADModel:125 - Updater not yet initialized, retry later 
2024-01-03 13:42:02,279 [INFO] CADModel:165 - CPN selected for project level
2024-01-03 13:42:02,279 [INFO] CADModel:114 - Register for checkConnection events
2024-01-03 13:42:02,280 [FATAL] Updater:308 - Updater called before beeing initialized
2024-01-03 13:42:02,280 [ERROR] CADModel:125 - Updater not yet initialized, retry later 
2024-01-03 13:42:02,282 [FATAL] Updater:308 - Updater called before beeing initialized
2024-01-03 13:42:02,407 [FATAL] Updater:308 - Updater called before beeing initialized
2024-01-03 13:42:02,413 [INFO] DbMcusAds:53 - JSON generation date=Thu Sep 30 01:55:09 CDT 2021 (1632984909247)
2024-01-03 13:42:02,413 [FATAL] Updater:308 - Updater called before beeing initialized
2024-01-03 13:42:02,453 [WARN] DetailPanel:346 - Failed to get advertising image, set to default
2024-01-03 13:42:02,535 [FATAL] Updater:308 - Updater called before beeing initialized
2024-01-03 13:42:02,537 [FATAL] Updater:308 - Updater called before beeing initialized
2024-01-03 13:42:02,537 [FATAL] Updater:308 - Updater called before beeing initialized
2024-01-03 13:42:02,537 [WARN] DetailPanel:346 - Failed to get advertising image, set to default
2024-01-03 13:42:02,540 [FATAL] Updater:308 - Updater called before beeing initialized
2024-01-03 13:42:02,599 [ERROR] Updater:1120 - MainUpdater not yet initialized. External WinMGr cannot be set.
2024-01-03 13:42:02,633 [INFO] Updater:1056 - Updater Version found : 6.9.2
2024-01-03 13:42:02,644 [INFO] ApplicationProperties:184 - Using Application install path: /Applications/STM32CubeIDE.app/Contents/Eclipse/plugins/com.st.stm32cube.common.mx_6.9.2.202309101412
2024-01-03 13:42:02,835 [INFO] MainUpdater:2868 - connection check result : 10
2024-01-03 13:42:02,837 [INFO] MainUpdater:285 - Updater Check For Update Now.
2024-01-03 13:42:02,837 [INFO] MicroXplorer:498 - Change Database Version : DB.6.0.92
2024-01-03 13:42:02,841 [INFO] McuFinderGlobals:63 - Set McuFinder mode to 2 (CubeIDE integrated)
2024-01-03 13:42:02,841 [INFO] UserAuth:179 - activating auth plugin
2024-01-03 13:42:02,847 [INFO] UserAuth:393 - Internet connection configuration mode: 1
2024-01-03 13:42:02,854 [INFO] JxBrowserEngine:151 - Initiate JxBrowser Engine with user profile folder
2024-01-03 13:42:03,036 [INFO] CheckServerUpdateThread:120 - End of CheckServer Thread
2024-01-03 13:42:04,383 [WARN] PackLoader:240 - Cannot read IP mode file for STMicroelectronics.X-CUBE-SMBUS.2.1.0
2024-01-03 13:42:04,403 [WARN] PackLoader:240 - Cannot read IP mode file for STMicroelectronics.X-CUBE-TOUCHGFX.4.23.0
2024-01-03 13:42:04,441 [WARN] PackLoader:240 - Cannot read IP mode file for STMicroelectronics.X-CUBE-AZRTOS-F7.1.1.0
2024-01-03 13:42:04,469 [WARN] PackLoader:240 - Cannot read IP mode file for STMicroelectronics.FP-SNS-MOTENV1.4.3.2
2024-01-03 13:42:04,494 [WARN] PackLoader:240 - Cannot read IP mode file for STMicroelectronics.FP-SNS-FLIGHT1.5.0.2
2024-01-03 13:42:04,516 [WARN] PackLoader:240 - Cannot read IP mode file for STMicroelectronics.X-CUBE-DISPLAY.3.0.0
2024-01-03 13:42:04,553 [WARN] PackLoader:240 - Cannot read IP mode file for STMicroelectronics.X-CUBE-BLE1.7.0.0
2024-01-03 13:42:04,566 [WARN] PackLoader:240 - Cannot read IP mode file for emotas.I-CUBE-CANOPEN.1.3.0
2024-01-03 13:42:04,571 [WARN] PackLoader:240 - Cannot read IP mode file for STMicroelectronics.X-CUBE-TOUCHGFX.4.22.1
2024-01-03 13:42:04,580 [WARN] PackLoader:240 - Cannot read IP mode file for STMicroelectronics.FP-SNS-SMARTAG2.1.2.0
2024-01-03 13:42:04,595 [INFO] LogOutputStream:77 - [STDOUT_REDIRECT] 1 : Invalid condition id : UX_CORESTACK_Condition cause : null
2024-01-03 13:42:04,595 [INFO] LogOutputStream:77 - [STDOUT_REDIRECT] 1 : Invalid condition id : UX_CORESTACK_Condition cause : null
2024-01-03 13:42:04,595 [INFO] LogOutputStream:77 - [STDOUT_REDIRECT] 1 : Invalid condition id : UX_CORESTACK_Condition cause : null
2024-01-03 13:42:04,596 [INFO] LogOutputStream:77 - [STDOUT_REDIRECT] 1 : Invalid condition id : UX_CORESTACK_Condition cause : null
2024-01-03 13:42:04,596 [INFO] LogOutputStream:77 - [STDOUT_REDIRECT] 1 : Invalid condition id : UX_CORESTACK_Condition cause : null
2024-01-03 13:42:04,604 [WARN] PackLoader:240 - Cannot read IP mode file for STMicroelectronics.X-CUBE-AZRTOS-WL.2.0.0
2024-01-03 13:42:04,628 [WARN] PackLoader:240 - Cannot read IP mode file for WES.I-CUBE-Cesium.1.3.0
2024-01-03 13:42:04,644 [WARN] PackLoader:240 - Cannot read IP mode file for STMicroelectronics.X-CUBE-BLE2.3.3.0
2024-01-03 13:42:04,670 [WARN] PackLoader:240 - Cannot read IP mode file for STMicroelectronics.X-CUBE-ALGOBUILD.1.3.0
2024-01-03 13:42:04,717 [WARN] PackLoader:240 - Cannot read IP mode file for STMicroelectronics.X-CUBE-AZRTOS-G0.1.1.0
2024-01-03 13:42:04,730 [WARN] PackLoader:240 - Cannot read IP mode file for STMicroelectronics.X-CUBE-NFC4.3.0.0
2024-01-03 13:42:04,778 [WARN] PackLoader:240 - Cannot read IP mode file for STMicroelectronics.X-CUBE-BLEMGR.3.0.0
2024-01-03 13:42:04,802 [WARN] PackLoader:240 - Cannot read IP mode file for STMicroelectronics.FP-ATR-SIGFOX1.3.2.0
2024-01-03 13:42:04,888 [WARN] PackLoader:240 - Cannot read IP mode file for SEGGER.I-CUBE-embOS.1.3.1
2024-01-03 13:42:04,984 [WARN] PackLoader:240 - Cannot read IP mode file for STMicroelectronics.X-CUBE-GNSS1.6.0.0
2024-01-03 13:42:05,020 [WARN] PackLoader:240 - Cannot read IP mode file for STMicroelectronics.X-CUBE-AZRTOS-F4.1.1.0
2024-01-03 13:42:05,031 [WARN] PackLoader:240 - Cannot read IP mode file for wolfSSL.I-CUBE-wolfSSL.5.6.3
2024-01-03 13:42:05,055 [WARN] PackLoader:240 - Cannot read IP mode file for STMicroelectronics.X-CUBE-AZRTOS-L5.2.0.0
2024-01-03 13:42:05,160 [WARN] PackLoader:240 - Cannot read IP mode file for STMicroelectronics.X-CUBE-MEMS1.9.6.0
2024-01-03 13:42:05,325 [WARN] PackLoader:240 - Cannot read IP mode file for STMicroelectronics.X-CUBE-EEPRMA1.4.2.0
2024-01-03 13:42:05,358 [WARN] PackLoader:240 - Cannot read IP mode file for ITTIA_DB.I-CUBE-ITTIADB.8.8.0
2024-01-03 13:42:05,372 [WARN] PackLoader:240 - Cannot read IP mode file for STMicroelectronics.X-CUBE-BLEMGR.2.0.0
2024-01-03 13:42:05,406 [WARN] ConditionMgr:438 - getConditionDescription Invalid condition id : UX DEVICE CLASS RTOS Condition cause : null
2024-01-03 13:42:05,406 [WARN] ConditionMgr:438 - getConditionDescription Invalid condition id : UX DEVICE CLASS RTOS Condition cause : null
2024-01-03 13:42:05,413 [WARN] PackLoader:240 - Cannot read IP mode file for STMicroelectronics.X-CUBE-AZRTOS-H7.3.1.0
2024-01-03 13:42:05,416 [WARN] ConditionMgr:1039 - genDependencies : Invalid condition id : UX DEVICE CLASS RTOS Condition cause : null
2024-01-03 13:42:05,417 [WARN] ConditionMgr:1039 - genDependencies : Invalid condition id : UX DEVICE CLASS RTOS Condition cause : null
2024-01-03 13:42:05,418 [WARN] ConditionMgr:1039 - genDependencies : Invalid condition id : UX DEVICE CLASS RTOS Condition cause : null
2024-01-03 13:42:05,418 [WARN] ConditionMgr:1039 - genDependencies : Invalid condition id : UX DEVICE CLASS RTOS Condition cause : null
2024-01-03 13:42:05,418 [WARN] ConditionMgr:1039 - genDependencies : Invalid condition id : UX DEVICE CLASS RTOS Condition cause : null
2024-01-03 13:42:05,432 [WARN] PackLoader:240 - Cannot read IP mode file for STMicroelectronics.X-CUBE-NFC7.1.0.1
2024-01-03 13:42:05,443 [WARN] PackLoader:240 - Cannot read IP mode file for STMicroelectronics.X-CUBE-NFC6.3.0.0
2024-01-03 13:42:05,449 [WARN] PackLoader:240 - Cannot read IP mode file for STMicroelectronics.X-CUBE-EEPRMA1.4.1.0
2024-01-03 13:42:05,458 [WARN] PackLoader:240 - Cannot read IP mode file for STMicroelectronics.X-CUBE-AI.8.1.0
2024-01-03 13:42:05,479 [WARN] ConditionMgr:438 - getConditionDescription Invalid condition id : LAN8742 Phy interface Condition cause : null
2024-01-03 13:42:05,480 [WARN] PackLoader:240 - Cannot read IP mode file for STMicroelectronics.X-CUBE-AZRTOS-L4.2.0.0
2024-01-03 13:42:05,484 [WARN] ConditionMgr:1039 - genDependencies : Invalid condition id : LAN8742 Phy interface Condition cause : null
2024-01-03 13:42:05,485 [WARN] ConditionMgr:1039 - genDependencies : Invalid condition id : LAN8742 Phy interface Condition cause : null
2024-01-03 13:42:05,486 [WARN] ConditionMgr:1039 - genDependencies : Invalid condition id : LAN8742 Phy interface Condition cause : null
2024-01-03 13:42:05,524 [WARN] PackLoader:240 - Cannot read IP mode file for STMicroelectronics.X-CUBE-SFXS2LP1.4.0.0
2024-01-03 13:42:05,562 [WARN] PackLoader:240 - Cannot read IP mode file for STMicroelectronics.X-CUBE-ISPU.1.1.0
2024-01-03 13:42:05,588 [WARN] ConditionMgr:438 - getConditionDescription Invalid condition id : UX DEVICE CLASS RTOS Condition cause : null
2024-01-03 13:42:05,588 [WARN] ConditionMgr:438 - getConditionDescription Invalid condition id : UX DEVICE CLASS RTOS Condition cause : null
2024-01-03 13:42:05,592 [WARN] PackLoader:240 - Cannot read IP mode file for STMicroelectronics.X-CUBE-AZRTOS-WB.2.0.0
2024-01-03 13:42:05,594 [WARN] ConditionMgr:1039 - genDependencies : Invalid condition id : UX DEVICE CLASS RTOS Condition cause : null
2024-01-03 13:42:05,594 [WARN] ConditionMgr:1039 - genDependencies : Invalid condition id : UX DEVICE CLASS RTOS Condition cause : null
2024-01-03 13:42:05,595 [WARN] ConditionMgr:1039 - genDependencies : Invalid condition id : UX DEVICE CLASS RTOS Condition cause : null
2024-01-03 13:42:05,595 [WARN] ConditionMgr:1039 - genDependencies : Invalid condition id : UX DEVICE CLASS RTOS Condition cause : null
2024-01-03 13:42:05,596 [WARN] ConditionMgr:1039 - genDependencies : Invalid condition id : UX DEVICE CLASS RTOS Condition cause : null
2024-01-03 13:42:05,629 [WARN] PackLoader:240 - Cannot read IP mode file for STMicroelectronics.X-CUBE-SUBG2.5.0.0
2024-01-03 13:42:05,675 [WARN] PackLoader:240 - Cannot read IP mode file for STMicroelectronics.X-CUBE-TOF1.3.3.1
2024-01-03 13:42:05,794 [WARN] PackLoader:240 - Cannot read IP mode file for STMicroelectronics.X-CUBE-AZRTOS-G4.2.0.0
2024-01-03 13:42:05,851 [WARN] PackLoader:240 - Cannot read IP mode file for Infineon.AIROC-Wi-Fi-Bluetooth-STM32.1.5.1
2024-01-03 13:42:05,867 [WARN] PackLoader:240 - Cannot read IP mode file for STMicroelectronics.FP-SNS-MOTENVWB1.1.3.0
2024-01-03 13:42:05,870 [WARN] PackLoader:240 - Cannot read IP mode file for STMicroelectronics.FP-SNS-MOTENVWB1.1.3.1
2024-01-03 13:42:05,875 [WARN] PackLoader:240 - Cannot read IP mode file for STMicroelectronics.X-CUBE-ISPU.2.0.0
2024-01-03 13:42:05,928 [WARN] PackLoader:240 - Cannot read IP mode file for STMicroelectronics.X-CUBE-MEMS1.10.0.0
2024-01-03 13:42:06,014 [WARN] PackLoader:240 - Cannot read IP mode file for STMicroelectronics.X-CUBE-FREERTOS.1.1.0
2024-01-03 13:42:06,025 [WARN] PackLoader:240 - Cannot read IP mode file for portGmbH.I-Cube-SoM-uGOAL.1.1.0
2024-01-03 13:42:06,030 [WARN] PackLoader:240 - Cannot read IP mode file for STMicroelectronics.X-CUBE-ALS.1.0.1
2024-01-03 13:42:06,033 [WARN] PackLoader:240 - Cannot read IP mode file for STMicroelectronics.FP-ATR-ASTRA1.2.0.0
2024-01-03 13:42:06,043 [WARN] PackLoader:240 - Cannot read IP mode file for STMicroelectronics.X-CUBE-TOF1.3.4.0
2024-01-03 13:42:06,082 [WARN] PackLoader:240 - Cannot read IP mode file for STMicroelectronics.X-CUBE-AZRTOS-H7.3.2.0
2024-01-03 13:42:06,093 [INFO] ThirdParty:978 - Integrity check success = true
2024-01-03 13:42:06,093 [INFO] IntegrityCheckThread:100 - exiting critical section [integrity check]
2024-01-03 13:42:06,093 [INFO] IntegrityCheckThread:103 - End integrity checks thread
2024-01-03 13:42:06,689 [INFO] WebApp:157 - Instantiating new browser for Auth
2024-01-03 13:42:07,318 [INFO] WebApp:753 - Register for checkConnection events
2024-01-03 13:42:07,318 [INFO] WebApp:390 - Apply proxy settings
2024-01-03 13:42:07,325 [INFO] WebApp:455 - Chromium authenticates against System proxy
2024-01-03 13:42:07,448 [INFO] WebApp:188 - Starting web application
2024-01-03 13:42:07,448 [INFO] WebApp:520 - Web application path used /Applications/STM32CubeIDE.app/Contents/Eclipse/plugins/com.st.stm32cube.common.mx_6.9.2.202309101412/db/plugins/mcufinder/reactClient1/index.html
2024-01-03 13:42:28,581 [ERROR] LogOutputStream:75 - [STDERR_REDIRECT] SLF4J: Failed to load class "org.slf4j.impl.StaticLoggerBinder".
2024-01-03 13:42:28,585 [ERROR] LogOutputStream:75 - [STDERR_REDIRECT] SLF4J: Defaulting to no-operation (NOP) logger implementation
2024-01-03 13:42:28,587 [ERROR] LogOutputStream:75 - [STDERR_REDIRECT] SLF4J: See http://www.slf4j.org/codes.html#StaticLoggerBinder for further details.
2024-01-03 18:18:27,878 [ERROR] LogOutputStream:75 - [STDERR_REDIRECT] 
